<?xml version="1.0" encoding="UTF-8"?>
<!-- Generated by org.testng.reporters.JUnitReportReporter -->
<testsuite hostname="LAPTOP-KPEDOO5G" failures="0" tests="1" name="com.seleniumconcepts.SELENIUMCONCEPT.DynamicWebtable" time="12.788" errors="0" timestamp="2024-06-03T18:02:35 IST" skipped="0">
  <testcase classname="com.seleniumconcepts.SELENIUMCONCEPT.DynamicWebtable" name="findMaxValueinWebtable" time="12.788"/>
  <system-out/>
</testsuite> <!-- com.seleniumconcepts.SELENIUMCONCEPT.DynamicWebtable -->
