<?xml version="1.0" encoding="UTF-8"?>
<!-- Generated by org.testng.reporters.JUnitReportReporter -->
<testsuite hostname="LAPTOP-KPEDOO5G" failures="0" tests="2" name="MONEYCONTROL.com.moneycontrol.SeleniumC" time="9.938" errors="0" timestamp="2024-05-31T18:40:04 IST" skipped="0">
  <testcase classname="MONEYCONTROL.com.moneycontrol.SeleniumC" name="browsersetUp" time="5.563"/>
  <system-out/>
  <testcase classname="MONEYCONTROL.com.moneycontrol.SeleniumC" name="browsersetUp" time="4.375"/>
  <system-out/>
</testsuite> <!-- MONEYCONTROL.com.moneycontrol.SeleniumC -->
