<?xml version="1.0" encoding="UTF-8"?>
<!-- Generated by org.testng.reporters.JUnitReportReporter -->
<testsuite hostname="LAPTOP-KPEDOO5G" failures="0" tests="1" name="MONEYCONTROL.com.moneycontrol.ScriptClassA" time="10.027" errors="0" timestamp="2024-06-03T16:35:28 IST" skipped="0">
  <testcase classname="MONEYCONTROL.com.moneycontrol.ScriptClassA" name="getMaxvalueWebTable" time="10.027"/>
  <system-out/>
</testsuite> <!-- MONEYCONTROL.com.moneycontrol.ScriptClassA -->
